<?xml version="1.0" encoding="UTF-8"?>
<!-- Generated by org.testng.reporters.JUnitXMLReporter -->
<testsuite ignored="0" hostname="u2d7701ff65dd5f.ant.amazon.com" failures="0" tests="2" name="Default test" time="55.255" errors="0" timestamp="2026-01-19T13:44:46 IST">
  <testcase classname="io.cucumber.testng.AbstractTestNGCucumberTests" name="runScenario" time="18.967"/>
  <testcase classname="io.cucumber.testng.AbstractTestNGCucumberTests" name="runScenario" time="32.21"/>
</testsuite> <!-- Default test -->
