<?xml version="1.0" encoding="UTF-8"?>
<testng-results ignored="0" total="3" passed="3" failed="0" skipped="0">
  <reporter-output>
  </reporter-output>
  <suite started-at="2026-01-20T20:06:45 IST" name="Module1" finished-at="2026-01-20T20:07:12 IST" duration-ms="26436">
    <groups>
    </groups>
    <test started-at="2026-01-20T20:06:45 IST" name="Test" finished-at="2026-01-20T20:07:12 IST" duration-ms="26436">
      <class name="testcases.RunCreateAccount">
        <test-method is-config="true" signature="preCondition()[pri:0, instance:testcases.RunCreateAccount@7c7a06ec]" started-at="2026-01-20T20:07:02 IST" name="preCondition" finished-at="2026-01-20T20:07:06 IST" duration-ms="4223" status="PASS">
          <reporter-output>
          </reporter-output>
        </test-method> <!-- preCondition -->
        <test-method signature="runCA()[pri:0, instance:testcases.RunCreateAccount@7c7a06ec]" started-at="2026-01-20T20:07:06 IST" name="runCA" finished-at="2026-01-20T20:07:12 IST" duration-ms="5726" status="PASS">
          <reporter-output>
          </reporter-output>
        </test-method> <!-- runCA -->
        <test-method is-config="true" signature="postCondition()[pri:0, instance:testcases.RunCreateAccount@7c7a06ec]" started-at="2026-01-20T20:07:12 IST" name="postCondition" finished-at="2026-01-20T20:07:12 IST" duration-ms="106" status="PASS">
          <reporter-output>
          </reporter-output>
        </test-method> <!-- postCondition -->
      </class> <!-- testcases.RunCreateAccount -->
      <class name="testcases.RunLogin">
        <test-method is-config="true" signature="preCondition()[pri:0, instance:testcases.RunLogin@49e53c76]" started-at="2026-01-20T20:06:45 IST" name="preCondition" finished-at="2026-01-20T20:06:50 IST" duration-ms="4621" status="PASS">
          <reporter-output>
          </reporter-output>
        </test-method> <!-- preCondition -->
        <test-method signature="runLogin()[pri:0, instance:testcases.RunLogin@49e53c76]" started-at="2026-01-20T20:06:50 IST" name="runLogin" finished-at="2026-01-20T20:06:51 IST" duration-ms="1226" status="PASS">
          <reporter-output>
          </reporter-output>
        </test-method> <!-- runLogin -->
        <test-method is-config="true" signature="postCondition()[pri:0, instance:testcases.RunLogin@49e53c76]" started-at="2026-01-20T20:06:51 IST" name="postCondition" finished-at="2026-01-20T20:06:51 IST" duration-ms="110" status="PASS">
          <reporter-output>
          </reporter-output>
        </test-method> <!-- postCondition -->
      </class> <!-- testcases.RunLogin -->
      <class name="testcases.RunCreateLead">
        <test-method is-config="true" signature="preCondition()[pri:0, instance:testcases.RunCreateLead@1d296da]" started-at="2026-01-20T20:06:51 IST" name="preCondition" finished-at="2026-01-20T20:06:56 IST" duration-ms="4698" status="PASS">
          <reporter-output>
          </reporter-output>
        </test-method> <!-- preCondition -->
        <test-method signature="runCL()[pri:0, instance:testcases.RunCreateLead@1d296da]" started-at="2026-01-20T20:06:56 IST" name="runCL" finished-at="2026-01-20T20:07:02 IST" duration-ms="5580" status="PASS">
          <reporter-output>
          </reporter-output>
        </test-method> <!-- runCL -->
        <test-method is-config="true" signature="postCondition()[pri:0, instance:testcases.RunCreateLead@1d296da]" started-at="2026-01-20T20:07:02 IST" name="postCondition" finished-at="2026-01-20T20:07:02 IST" duration-ms="108" status="PASS">
          <reporter-output>
          </reporter-output>
        </test-method> <!-- postCondition -->
      </class> <!-- testcases.RunCreateLead -->
    </test> <!-- Test -->
  </suite> <!-- Module1 -->
</testng-results>
