<?xml version="1.0" encoding="UTF-8"?>
<testng-results ignored="0" total="2" passed="2" failed="0" skipped="0">
  <reporter-output>
  </reporter-output>
  <suite started-at="2026-01-19T13:43:51 IST" name="Default suite" finished-at="2026-01-19T13:44:46 IST" duration-ms="55255">
    <groups>
      <group name="cucumber">
        <method signature="AbstractTestNGCucumberTests.runScenario(io.cucumber.testng.PickleWrapper,io.cucumber.testng.FeatureWrapper)[pri:0, instance:runner.RunnerCucumer@2d1ef81a]" name="runScenario" class="io.cucumber.testng.AbstractTestNGCucumberTests"/>
      </group> <!-- cucumber -->
    </groups>
    <test started-at="2026-01-19T13:43:51 IST" name="Default test" finished-at="2026-01-19T13:44:46 IST" duration-ms="55255">
      <class name="runner.RunnerCucumer">
        <test-method is-config="true" signature="setUpClass(org.testng.ITestContext)[pri:0, instance:runner.RunnerCucumer@2d1ef81a]" started-at="2026-01-19T13:43:51 IST" name="setUpClass" finished-at="2026-01-19T13:43:52 IST" duration-ms="670" status="PASS">
          <params>
            <param index="0">
              <value>
                <![CDATA[org.testng.TestRunner@78cd163b]]>
              </value>
            </param>
          </params>
          <reporter-output>
          </reporter-output>
        </test-method> <!-- setUpClass -->
        <test-method signature="runScenario(io.cucumber.testng.PickleWrapper,io.cucumber.testng.FeatureWrapper)[pri:0, instance:runner.RunnerCucumer@2d1ef81a]" started-at="2026-01-19T13:43:52 IST" name="runScenario" description="Runs Cucumber Scenarios" data-provider="scenarios" finished-at="2026-01-19T13:44:11 IST" duration-ms="18967" status="PASS">
          <params>
            <param index="0">
              <value>
                <![CDATA["create lead with Multiple data"]]>
              </value>
            </param>
            <param index="1">
              <value>
                <![CDATA["CreteLead functionaliity for Leaftap application"]]>
              </value>
            </param>
          </params>
          <reporter-output>
          </reporter-output>
        </test-method> <!-- runScenario -->
        <test-method signature="runScenario(io.cucumber.testng.PickleWrapper,io.cucumber.testng.FeatureWrapper)[pri:0, instance:runner.RunnerCucumer@2d1ef81a]" started-at="2026-01-19T13:44:11 IST" name="runScenario" description="Runs Cucumber Scenarios" data-provider="scenarios" finished-at="2026-01-19T13:44:43 IST" duration-ms="32210" status="PASS">
          <params>
            <param index="0">
              <value>
                <![CDATA["create lead with Multiple data"]]>
              </value>
            </param>
            <param index="1">
              <value>
                <![CDATA["CreteLead functionaliity for Leaftap application"]]>
              </value>
            </param>
          </params>
          <reporter-output>
          </reporter-output>
        </test-method> <!-- runScenario -->
        <test-method is-config="true" signature="tearDownClass()[pri:0, instance:runner.RunnerCucumer@2d1ef81a]" started-at="2026-01-19T13:44:43 IST" name="tearDownClass" finished-at="2026-01-19T13:44:46 IST" duration-ms="3336" status="PASS">
          <reporter-output>
          </reporter-output>
        </test-method> <!-- tearDownClass -->
      </class> <!-- runner.RunnerCucumer -->
    </test> <!-- Default test -->
  </suite> <!-- Default suite -->
</testng-results>
